{"/Users/danieloda/Documents/CEUB/devops/index.js": {"path":"/Users/danieloda/Documents/CEUB/devops/index.js","statementMap":{"0":{"start":{"line":1,"column":16},"end":{"line":1,"column":34}},"1":{"start":{"line":2,"column":19},"end":{"line":2,"column":41}},"2":{"start":{"line":3,"column":14},"end":{"line":3,"column":39}},"3":{"start":{"line":4,"column":15},"end":{"line":4,"column":32}},"4":{"start":{"line":5,"column":13},"end":{"line":5,"column":28}},"5":{"start":{"line":7,"column":12},"end":{"line":7,"column":21}},"6":{"start":{"line":9,"column":17},"end":{"line":14,"column":1}},"7":{"start":{"line":18,"column":22},"end":{"line":18,"column":31}},"8":{"start":{"line":21,"column":4},"end":{"line":21,"column":60}},"9":{"start":{"line":22,"column":4},"end":{"line":32,"column":5}},"10":{"start":{"line":22,"column":17},"end":{"line":22,"column":18}},"11":{"start":{"line":23,"column":8},"end":{"line":31,"column":9}},"12":{"start":{"line":24,"column":12},"end":{"line":24,"column":46}},"13":{"start":{"line":25,"column":12},"end":{"line":25,"column":41}},"14":{"start":{"line":26,"column":12},"end":{"line":26,"column":72}},"15":{"start":{"line":27,"column":12},"end":{"line":27,"column":19}},"16":{"start":{"line":29,"column":12},"end":{"line":29,"column":81}},"17":{"start":{"line":30,"column":12},"end":{"line":30,"column":60}},"18":{"start":{"line":30,"column":37},"end":{"line":30,"column":58}},"19":{"start":{"line":33,"column":4},"end":{"line":33,"column":20}},"20":{"start":{"line":36,"column":0},"end":{"line":36,"column":51}},"21":{"start":{"line":37,"column":0},"end":{"line":37,"column":56}},"22":{"start":{"line":38,"column":0},"end":{"line":38,"column":30}},"23":{"start":{"line":39,"column":0},"end":{"line":39,"column":48}},"24":{"start":{"line":41,"column":0},"end":{"line":41,"column":48}},"25":{"start":{"line":41,"column":27},"end":{"line":41,"column":46}},"26":{"start":{"line":43,"column":0},"end":{"line":55,"column":3}},"27":{"start":{"line":44,"column":35},"end":{"line":44,"column":43}},"28":{"start":{"line":45,"column":4},"end":{"line":54,"column":5}},"29":{"start":{"line":46,"column":23},"end":{"line":46,"column":93}},"30":{"start":{"line":47,"column":8},"end":{"line":51,"column":9}},"31":{"start":{"line":48,"column":12},"end":{"line":48,"column":39}},"32":{"start":{"line":50,"column":12},"end":{"line":50,"column":70}},"33":{"start":{"line":53,"column":8},"end":{"line":53,"column":47}},"34":{"start":{"line":57,"column":0},"end":{"line":61,"column":3}},"35":{"start":{"line":58,"column":20},"end":{"line":58,"column":59}},"36":{"start":{"line":59,"column":21},"end":{"line":59,"column":61}},"37":{"start":{"line":60,"column":4},"end":{"line":60,"column":47}},"38":{"start":{"line":63,"column":0},"end":{"line":67,"column":1}},"39":{"start":{"line":64,"column":4},"end":{"line":66,"column":7}},"40":{"start":{"line":65,"column":8},"end":{"line":65,"column":87}},"41":{"start":{"line":65,"column":31},"end":{"line":65,"column":85}},"42":{"start":{"line":69,"column":0},"end":{"line":69,"column":52}}},"fnMap":{"0":{"name":"setPool","decl":{"start":{"line":18,"column":9},"end":{"line":18,"column":16}},"loc":{"start":{"line":18,"column":20},"end":{"line":18,"column":33}},"line":18},"1":{"name":"connectWithRetry","decl":{"start":{"line":20,"column":15},"end":{"line":20,"column":31}},"loc":{"start":{"line":20,"column":34},"end":{"line":34,"column":1}},"line":20},"2":{"name":"(anonymous_2)","decl":{"start":{"line":30,"column":30},"end":{"line":30,"column":31}},"loc":{"start":{"line":30,"column":37},"end":{"line":30,"column":58}},"line":30},"3":{"name":"(anonymous_3)","decl":{"start":{"line":41,"column":13},"end":{"line":41,"column":14}},"loc":{"start":{"line":41,"column":27},"end":{"line":41,"column":46}},"line":41},"4":{"name":"(anonymous_4)","decl":{"start":{"line":43,"column":19},"end":{"line":43,"column":20}},"loc":{"start":{"line":43,"column":39},"end":{"line":55,"column":1}},"line":43},"5":{"name":"(anonymous_5)","decl":{"start":{"line":57,"column":22},"end":{"line":57,"column":23}},"loc":{"start":{"line":57,"column":42},"end":{"line":61,"column":1}},"line":57},"6":{"name":"(anonymous_6)","decl":{"start":{"line":64,"column":28},"end":{"line":64,"column":29}},"loc":{"start":{"line":64,"column":34},"end":{"line":66,"column":5}},"line":64},"7":{"name":"(anonymous_7)","decl":{"start":{"line":65,"column":25},"end":{"line":65,"column":26}},"loc":{"start":{"line":65,"column":31},"end":{"line":65,"column":85}},"line":65}},"branchMap":{"0":{"loc":{"start":{"line":10,"column":10},"end":{"line":10,"column":37}},"type":"binary-expr","locations":[{"start":{"line":10,"column":10},"end":{"line":10,"column":29}},{"start":{"line":10,"column":33},"end":{"line":10,"column":37}}],"line":10},"1":{"loc":{"start":{"line":11,"column":10},"end":{"line":11,"column":39}},"type":"binary-expr","locations":[{"start":{"line":11,"column":10},"end":{"line":11,"column":29}},{"start":{"line":11,"column":33},"end":{"line":11,"column":39}}],"line":11},"2":{"loc":{"start":{"line":12,"column":14},"end":{"line":12,"column":47}},"type":"binary-expr","locations":[{"start":{"line":12,"column":14},"end":{"line":12,"column":33}},{"start":{"line":12,"column":37},"end":{"line":12,"column":47}}],"line":12},"3":{"loc":{"start":{"line":13,"column":14},"end":{"line":13,"column":48}},"type":"binary-expr","locations":[{"start":{"line":13,"column":14},"end":{"line":13,"column":33}},{"start":{"line":13,"column":37},"end":{"line":13,"column":48}}],"line":13},"4":{"loc":{"start":{"line":47,"column":8},"end":{"line":51,"column":9}},"type":"if","locations":[{"start":{"line":47,"column":8},"end":{"line":51,"column":9}},{"start":{"line":49,"column":15},"end":{"line":51,"column":9}}],"line":47},"5":{"loc":{"start":{"line":47,"column":12},"end":{"line":47,"column":79}},"type":"binary-expr","locations":[{"start":{"line":47,"column":12},"end":{"line":47,"column":27}},{"start":{"line":47,"column":31},"end":{"line":47,"column":79}}],"line":47},"6":{"loc":{"start":{"line":63,"column":0},"end":{"line":67,"column":1}},"type":"if","locations":[{"start":{"line":63,"column":0},"end":{"line":67,"column":1}},{"start":{},"end":{}}],"line":63}},"s":{"0":1,"1":1,"2":1,"3":1,"4":1,"5":1,"6":1,"7":8,"8":1,"9":1,"10":1,"11":1,"12":1,"13":1,"14":1,"15":1,"16":0,"17":0,"18":0,"19":0,"20":1,"21":1,"22":1,"23":1,"24":1,"25":1,"26":1,"27":4,"28":4,"29":4,"30":3,"31":1,"32":2,"33":1,"34":1,"35":1,"36":1,"37":1,"38":1,"39":0,"40":0,"41":0,"42":1},"f":{"0":8,"1":1,"2":0,"3":1,"4":4,"5":1,"6":0,"7":0},"b":{"0":[1,1],"1":[1,1],"2":[1,1],"3":[1,1],"4":[1,2],"5":[3,2],"6":[0,1]},"_coverageSchema":"1a1c01bbd47fc00a2c39e90264f33305004495a9","hash":"c97ad97d0d3cd819d754eef927bbbb087b742969"}
}
