TN:
SF:index.js
FN:18,setPool
FN:20,connectWithRetry
FN:30,(anonymous_2)
FN:41,(anonymous_3)
FN:43,(anonymous_4)
FN:57,(anonymous_5)
FN:64,(anonymous_6)
FN:65,(anonymous_7)
FNF:8
FNH:5
FNDA:8,setPool
FNDA:1,connectWithRetry
FNDA:0,(anonymous_2)
FNDA:1,(anonymous_3)
FNDA:4,(anonymous_4)
FNDA:1,(anonymous_5)
FNDA:0,(anonymous_6)
FNDA:0,(anonymous_7)
DA:1,1
DA:2,1
DA:3,1
DA:4,1
DA:5,1
DA:7,1
DA:9,1
DA:18,8
DA:21,1
DA:22,1
DA:23,1
DA:24,1
DA:25,1
DA:26,1
DA:27,1
DA:29,0
DA:30,0
DA:33,0
DA:36,1
DA:37,1
DA:38,1
DA:39,1
DA:41,1
DA:43,1
DA:44,4
DA:45,4
DA:46,4
DA:47,3
DA:48,1
DA:50,2
DA:53,1
DA:57,1
DA:58,1
DA:59,1
DA:60,1
DA:63,1
DA:64,0
DA:65,0
DA:69,1
LF:39
LH:34
BRDA:10,0,0,1
BRDA:10,0,1,1
BRDA:11,1,0,1
BRDA:11,1,1,1
BRDA:12,2,0,1
BRDA:12,2,1,1
BRDA:13,3,0,1
BRDA:13,3,1,1
BRDA:47,4,0,1
BRDA:47,4,1,2
BRDA:47,5,0,3
BRDA:47,5,1,2
BRDA:63,6,0,0
BRDA:63,6,1,1
BRF:14
BRH:13
end_of_record
